0 verbose cli C:\Program Files\nodejs\node.exe C:\Users\gabri\AppData\Roaming\npm\node_modules\npm\bin\npm-cli.js
1 info using npm@11.6.2
2 info using node@v22.20.0
3 silly config load:file:C:\Users\gabri\AppData\Roaming\npm\node_modules\npm\npmrc
4 silly config load:file:C:\hivefy\hivefy-marketplace\.npmrc
5 silly config load:file:C:\Users\gabri\.npmrc
6 silly config load:file:C:\Users\gabri\AppData\Roaming\npm\etc\npmrc
7 verbose title npm install class-variance-authority clsx tailwind-merge @radix-ui/react-slot
8 verbose argv "install" "class-variance-authority" "clsx" "tailwind-merge" "@radix-ui/react-slot"
9 verbose logfile logs-max:10 dir:C:\hivefy\hivefy-marketplace\.npm-cache\_logs\2025-10-15T19_20_19_835Z-
10 verbose logfile C:\hivefy\hivefy-marketplace\.npm-cache\_logs\2025-10-15T19_20_19_835Z-debug-0.log
11 silly logfile done cleaning log files
12 silly packumentCache heap:2197815296 maxSize:549453824 maxEntrySize:274726912
13 silly idealTree buildDeps
14 silly fetch manifest class-variance-authority@*
15 silly packumentCache full:https://registry.npmmirror.com/class-variance-authority cache-miss
16 http fetch GET 200 https://registry.npmmirror.com/class-variance-authority 1288ms (cache miss)
17 silly packumentCache full:https://registry.npmmirror.com/class-variance-authority set size:25242 disposed:false
18 silly fetch manifest clsx@*
19 silly packumentCache full:https://registry.npmmirror.com/clsx cache-miss
20 http fetch GET 200 https://registry.npmmirror.com/clsx 943ms (cache miss)
21 silly packumentCache full:https://registry.npmmirror.com/clsx set size:9149 disposed:false
22 silly fetch manifest tailwind-merge@*
23 silly packumentCache full:https://registry.npmmirror.com/tailwind-merge cache-miss
24 http fetch GET 200 https://registry.npmmirror.com/tailwind-merge 1108ms (cache miss)
25 silly packumentCache full:https://registry.npmmirror.com/tailwind-merge set size:230429 disposed:false
26 silly fetch manifest @radix-ui/react-slot@*
27 silly packumentCache full:https://registry.npmmirror.com/@radix-ui%2freact-slot cache-miss
28 http fetch GET 200 https://registry.npmmirror.com/@radix-ui%2freact-slot 370ms (cache miss)
29 silly packumentCache full:https://registry.npmmirror.com/@radix-ui%2freact-slot set size:80095 disposed:false
30 silly fetch manifest @types/react@^19
31 silly packumentCache full:https://registry.npmmirror.com/@types%2freact cache-miss
32 http fetch GET 200 https://registry.npmmirror.com/@types%2freact 1038ms (cache miss)
33 silly packumentCache full:https://registry.npmmirror.com/@types%2freact set size:320265 disposed:false
34 silly fetch manifest react@19.1.0
35 silly packumentCache full:https://registry.npmmirror.com/react cache-miss
36 http cache https://registry.npmmirror.com/react 45ms (cache hit)
37 silly packumentCache full:https://registry.npmmirror.com/react set size:5873672 disposed:false
38 silly placeDep ROOT @radix-ui/react-slot@1.2.3 OK for: hivefy-marketplace@0.1.0 want: *
39 silly placeDep ROOT class-variance-authority@0.7.1 OK for: hivefy-marketplace@0.1.0 want: *
40 silly placeDep ROOT clsx@2.1.1 OK for: hivefy-marketplace@0.1.0 want: *
41 silly placeDep ROOT tailwind-merge@3.3.1 OK for: hivefy-marketplace@0.1.0 want: *
42 silly fetch manifest @radix-ui/react-compose-refs@1.1.2
43 silly packumentCache full:https://registry.npmmirror.com/@radix-ui%2freact-compose-refs cache-miss
44 silly fetch manifest clsx@^2.1.1
45 silly packumentCache full:https://registry.npmmirror.com/clsx cache-hit
46 http fetch GET 200 https://registry.npmmirror.com/@radix-ui%2freact-compose-refs 601ms (cache miss)
47 silly packumentCache full:https://registry.npmmirror.com/@radix-ui%2freact-compose-refs set size:57095 disposed:false
48 silly fetch manifest @types/react@*
49 silly packumentCache full:https://registry.npmmirror.com/@types%2freact cache-hit
50 silly fetch manifest react@^16.8 || ^17.0 || ^18.0 || ^19.0 || ^19.0.0-rc
51 silly packumentCache full:https://registry.npmmirror.com/react cache-miss
52 http cache https://registry.npmmirror.com/react 54ms (cache hit)
53 silly packumentCache full:https://registry.npmmirror.com/react set size:5873672 disposed:false
54 silly placeDep ROOT @radix-ui/react-compose-refs@1.1.2 OK for: @radix-ui/react-slot@1.2.3 want: 1.1.2
55 silly reify moves {}
56 silly audit bulk request {
56 silly audit   '@alloc/quick-lru': [ '5.2.0' ],
56 silly audit   '@emnapi/core': [ '1.5.0' ],
56 silly audit   '@emnapi/runtime': [ '1.5.0' ],
56 silly audit   '@emnapi/wasi-threads': [ '1.1.0' ],
56 silly audit   '@eslint-community/eslint-utils': [ '4.9.0' ],
56 silly audit   'eslint-visitor-keys': [ '3.4.3', '4.2.1' ],
56 silly audit   '@eslint-community/regexpp': [ '4.12.1' ],
56 silly audit   '@eslint/config-array': [ '0.21.0' ],
56 silly audit   '@eslint/config-helpers': [ '0.4.0' ],
56 silly audit   '@eslint/core': [ '0.16.0' ],
56 silly audit   '@eslint/eslintrc': [ '3.3.1' ],
56 silly audit   '@eslint/js': [ '9.37.0' ],
56 silly audit   '@eslint/object-schema': [ '2.1.6' ],
56 silly audit   '@eslint/plugin-kit': [ '0.4.0' ],
56 silly audit   '@humanfs/core': [ '0.19.1' ],
56 silly audit   '@humanfs/node': [ '0.16.7' ],
56 silly audit   '@humanwhocodes/module-importer': [ '1.0.1' ],
56 silly audit   '@humanwhocodes/retry': [ '0.4.3' ],
56 silly audit   '@img/colour': [ '1.0.0' ],
56 silly audit   '@img/sharp-darwin-arm64': [ '0.34.4' ],
56 silly audit   '@img/sharp-darwin-x64': [ '0.34.4' ],
56 silly audit   '@img/sharp-libvips-darwin-arm64': [ '1.2.3' ],
56 silly audit   '@img/sharp-libvips-darwin-x64': [ '1.2.3' ],
56 silly audit   '@img/sharp-libvips-linux-arm': [ '1.2.3' ],
56 silly audit   '@img/sharp-libvips-linux-arm64': [ '1.2.3' ],
56 silly audit   '@img/sharp-libvips-linux-ppc64': [ '1.2.3' ],
56 silly audit   '@img/sharp-libvips-linux-s390x': [ '1.2.3' ],
56 silly audit   '@img/sharp-libvips-linux-x64': [ '1.2.3' ],
56 silly audit   '@img/sharp-libvips-linuxmusl-arm64': [ '1.2.3' ],
56 silly audit   '@img/sharp-libvips-linuxmusl-x64': [ '1.2.3' ],
56 silly audit   '@img/sharp-linux-arm': [ '0.34.4' ],
56 silly audit   '@img/sharp-linux-arm64': [ '0.34.4' ],
56 silly audit   '@img/sharp-linux-ppc64': [ '0.34.4' ],
56 silly audit   '@img/sharp-linux-s390x': [ '0.34.4' ],
56 silly audit   '@img/sharp-linux-x64': [ '0.34.4' ],
56 silly audit   '@img/sharp-linuxmusl-arm64': [ '0.34.4' ],
56 silly audit   '@img/sharp-linuxmusl-x64': [ '0.34.4' ],
56 silly audit   '@img/sharp-wasm32': [ '0.34.4' ],
56 silly audit   '@img/sharp-win32-arm64': [ '0.34.4' ],
56 silly audit   '@img/sharp-win32-ia32': [ '0.34.4' ],
56 silly audit   '@img/sharp-win32-x64': [ '0.34.4' ],
56 silly audit   '@isaacs/fs-minipass': [ '4.0.1' ],
56 silly audit   '@jridgewell/gen-mapping': [ '0.3.13' ],
56 silly audit   '@jridgewell/remapping': [ '2.3.5' ],
56 silly audit   '@jridgewell/resolve-uri': [ '3.1.2' ],
56 silly audit   '@jridgewell/sourcemap-codec': [ '1.5.5' ],
56 silly audit   '@jridgewell/trace-mapping': [ '0.3.31' ],
56 silly audit   '@napi-rs/wasm-runtime': [ '0.2.12' ],
56 silly audit   '@next/env': [ '15.5.5' ],
56 silly audit   '@next/eslint-plugin-next': [ '15.5.5' ],
56 silly audit   '@next/swc-darwin-arm64': [ '15.5.5' ],
56 silly audit   '@next/swc-darwin-x64': [ '15.5.5' ],
56 silly audit   '@next/swc-linux-arm64-gnu': [ '15.5.5' ],
56 silly audit   '@next/swc-linux-arm64-musl': [ '15.5.5' ],
56 silly audit   '@next/swc-linux-x64-gnu': [ '15.5.5' ],
56 silly audit   '@next/swc-linux-x64-musl': [ '15.5.5' ],
56 silly audit   '@next/swc-win32-arm64-msvc': [ '15.5.5' ],
56 silly audit   '@next/swc-win32-x64-msvc': [ '15.5.5' ],
56 silly audit   '@nodelib/fs.scandir': [ '2.1.5' ],
56 silly audit   '@nodelib/fs.stat': [ '2.0.5' ],
56 silly audit   '@nodelib/fs.walk': [ '1.2.8' ],
56 silly audit   '@nolyfill/is-core-module': [ '1.0.39' ],
56 silly audit   '@rtsao/scc': [ '1.1.0' ],
56 silly audit   '@rushstack/eslint-patch': [ '1.14.0' ],
56 silly audit   '@swc/helpers': [ '0.5.15' ],
56 silly audit   '@tailwindcss/node': [ '4.1.14' ],
56 silly audit   '@tailwindcss/oxide': [ '4.1.14' ],
56 silly audit   '@tailwindcss/oxide-android-arm64': [ '4.1.14' ],
56 silly audit   '@tailwindcss/oxide-darwin-arm64': [ '4.1.14' ],
56 silly audit   '@tailwindcss/oxide-darwin-x64': [ '4.1.14' ],
56 silly audit   '@tailwindcss/oxide-freebsd-x64': [ '4.1.14' ],
56 silly audit   '@tailwindcss/oxide-linux-arm-gnueabihf': [ '4.1.14' ],
56 silly audit   '@tailwindcss/oxide-linux-arm64-gnu': [ '4.1.14' ],
56 silly audit   '@tailwindcss/oxide-linux-arm64-musl': [ '4.1.14' ],
56 silly audit   '@tailwindcss/oxide-linux-x64-gnu': [ '4.1.14' ],
56 silly audit   '@tailwindcss/oxide-linux-x64-musl': [ '4.1.14' ],
56 silly audit   '@tailwindcss/oxide-wasm32-wasi': [ '4.1.14' ],
56 silly audit   '@tailwindcss/oxide-win32-arm64-msvc': [ '4.1.14' ],
56 silly audit   '@tailwindcss/oxide-win32-x64-msvc': [ '4.1.14' ],
56 silly audit   '@tailwindcss/postcss': [ '4.1.14' ],
56 silly audit   '@tybys/wasm-util': [ '0.10.1' ],
56 silly audit   '@types/estree': [ '1.0.8' ],
56 silly audit   '@types/json-schema': [ '7.0.15' ],
56 silly audit   '@types/json5': [ '0.0.29' ],
56 silly audit   '@types/node': [ '20.19.21' ],
56 silly audit   '@types/react': [ '19.2.2' ],
56 silly audit   '@types/react-dom': [ '19.2.2' ],
56 silly audit   '@typescript-eslint/eslint-plugin': [ '8.46.1' ],
56 silly audit   ignore: [ '7.0.5', '5.3.2' ],
56 silly audit   '@typescript-eslint/parser': [ '8.46.1' ],
56 silly audit   '@typescript-eslint/project-service': [ '8.46.1' ],
56 silly audit   '@typescript-eslint/scope-manager': [ '8.46.1' ],
56 silly audit   '@typescript-eslint/tsconfig-utils': [ '8.46.1' ],
56 silly audit   '@typescript-eslint/type-utils': [ '8.46.1' ],
56 silly audit   '@typescript-eslint/types': [ '8.46.1' ],
56 silly audit   '@typescript-eslint/typescript-estree': [ '8.46.1' ],
56 silly audit   'brace-expansion': [ '2.0.2', '1.1.12' ],
56 silly audit   'fast-glob': [ '3.3.3', '3.3.1' ],
56 silly audit   'glob-parent': [ '5.1.2', '6.0.2' ],
56 silly audit   minimatch: [ '9.0.5', '3.1.2' ],
56 silly audit   '@typescript-eslint/utils': [ '8.46.1' ],
56 silly audit   '@typescript-eslint/visitor-keys': [ '8.46.1' ],
56 silly audit   '@unrs/resolver-binding-android-arm-eabi': [ '1.11.1' ],
56 silly audit   '@unrs/resolver-binding-android-arm64': [ '1.11.1' ],
56 silly audit   '@unrs/resolver-binding-darwin-arm64': [ '1.11.1' ],
56 silly audit   '@unrs/resolver-binding-darwin-x64': [ '1.11.1' ],
56 silly audit   '@unrs/resolver-binding-freebsd-x64': [ '1.11.1' ],
56 silly audit   '@unrs/resolver-binding-linux-arm-gnueabihf': [ '1.11.1' ],
56 silly audit   '@unrs/resolver-binding-linux-arm-musleabihf': [ '1.11.1' ],
56 silly audit   '@unrs/resolver-binding-linux-arm64-gnu': [ '1.11.1' ],
56 silly audit   '@unrs/resolver-binding-linux-arm64-musl': [ '1.11.1' ],
56 silly audit   '@unrs/resolver-binding-linux-ppc64-gnu': [ '1.11.1' ],
56 silly audit   '@unrs/resolver-binding-linux-riscv64-gnu': [ '1.11.1' ],
56 silly audit   '@unrs/resolver-binding-linux-riscv64-musl': [ '1.11.1' ],
56 silly audit   '@unrs/resolver-binding-linux-s390x-gnu': [ '1.11.1' ],
56 silly audit   '@unrs/resolver-binding-linux-x64-gnu': [ '1.11.1' ],
56 silly audit   '@unrs/resolver-binding-linux-x64-musl': [ '1.11.1' ],
56 silly audit   '@unrs/resolver-binding-wasm32-wasi': [ '1.11.1' ],
56 silly audit   '@unrs/resolver-binding-win32-arm64-msvc': [ '1.11.1' ],
56 silly audit   '@unrs/resolver-binding-win32-ia32-msvc': [ '1.11.1' ],
56 silly audit   '@unrs/resolver-binding-win32-x64-msvc': [ '1.11.1' ],
56 silly audit   acorn: [ '8.15.0' ],
56 silly audit   'acorn-jsx': [ '5.3.2' ],
56 silly audit   ajv: [ '6.12.6' ],
56 silly audit   'ansi-styles': [ '4.3.0' ],
56 silly audit   argparse: [ '2.0.1' ],
56 silly audit   'aria-query': [ '5.3.2' ],
56 silly audit   'array-buffer-byte-length': [ '1.0.2' ],
56 silly audit   'array-includes': [ '3.1.9' ],
56 silly audit   'array.prototype.findlast': [ '1.2.5' ],
56 silly audit   'array.prototype.findlastindex': [ '1.2.6' ],
56 silly audit   'array.prototype.flat': [ '1.3.3' ],
56 silly audit   'array.prototype.flatmap': [ '1.3.3' ],
56 silly audit   'array.prototype.tosorted': [ '1.1.4' ],
56 silly audit   'arraybuffer.prototype.slice': [ '1.0.4' ],
56 silly audit   'ast-types-flow': [ '0.0.8' ],
56 silly audit   'async-function': [ '1.0.0' ],
56 silly audit   'available-typed-arrays': [ '1.0.7' ],
56 silly audit   'axe-core': [ '4.11.0' ],
56 silly audit   'axobject-query': [ '4.1.0' ],
56 silly audit   'balanced-match': [ '1.0.2' ],
56 silly audit   braces: [ '3.0.3' ],
56 silly audit   'call-bind': [ '1.0.8' ],
56 silly audit   'call-bind-apply-helpers': [ '1.0.2' ],
56 silly audit   'call-bound': [ '1.0.4' ],
56 silly audit   callsites: [ '3.1.0' ],
56 silly audit   'caniuse-lite': [ '1.0.30001750' ],
56 silly audit   chalk: [ '4.1.2' ],
56 silly audit   chownr: [ '3.0.0' ],
56 silly audit   'client-only': [ '0.0.1' ],
56 silly audit   'color-convert': [ '2.0.1' ],
56 silly audit   'color-name': [ '1.1.4' ],
56 silly audit   'concat-map': [ '0.0.1' ],
56 silly audit   'cross-spawn': [ '7.0.6' ],
56 silly audit   csstype: [ '3.1.3' ],
56 silly audit   'damerau-levenshtein': [ '1.0.8' ],
56 silly audit   'data-view-buffer': [ '1.0.2' ],
56 silly audit   'data-view-byte-length': [ '1.0.2' ],
56 silly audit   'data-view-byte-offset': [ '1.0.1' ],
56 silly audit   debug: [ '4.4.3', '3.2.7' ],
56 silly audit   'deep-is': [ '0.1.4' ],
56 silly audit   'define-data-property': [ '1.1.4' ],
56 silly audit   'define-properties': [ '1.2.1' ],
56 silly audit   'detect-libc': [ '2.1.2' ],
56 silly audit   doctrine: [ '2.1.0' ],
56 silly audit   'dunder-proto': [ '1.0.1' ],
56 silly audit   'emoji-regex': [ '9.2.2' ],
56 silly audit   'enhanced-resolve': [ '5.18.3' ],
56 silly audit   'es-abstract': [ '1.24.0' ],
56 silly audit   'es-define-property': [ '1.0.1' ],
56 silly audit   'es-errors': [ '1.3.0' ],
56 silly audit   'es-iterator-helpers': [ '1.2.1' ],
56 silly audit   'es-object-atoms': [ '1.1.1' ],
56 silly audit   'es-set-tostringtag': [ '2.1.0' ],
56 silly audit   'es-shim-unscopables': [ '1.1.0' ],
56 silly audit   'es-to-primitive': [ '1.3.0' ],
56 silly audit   'escape-string-regexp': [ '4.0.0' ],
56 silly audit   eslint: [ '9.37.0' ],
56 silly audit   'eslint-config-next': [ '15.5.5' ],
56 silly audit   'eslint-import-resolver-node': [ '0.3.9' ],
56 silly audit   'eslint-import-resolver-typescript': [ '3.10.1' ],
56 silly audit   'eslint-module-utils': [ '2.12.1' ],
56 silly audit   'eslint-plugin-import': [ '2.32.0' ],
56 silly audit   semver: [ '6.3.1', '7.7.3' ],
56 silly audit   'eslint-plugin-jsx-a11y': [ '6.10.2' ],
56 silly audit   'eslint-plugin-react': [ '7.37.5' ],
56 silly audit   'eslint-plugin-react-hooks': [ '5.2.0' ],
56 silly audit   resolve: [ '2.0.0-next.5', '1.22.10' ],
56 silly audit   'eslint-scope': [ '8.4.0' ],
56 silly audit   espree: [ '10.4.0' ],
56 silly audit   esquery: [ '1.6.0' ],
56 silly audit   esrecurse: [ '4.3.0' ],
56 silly audit   estraverse: [ '5.3.0' ],
56 silly audit   esutils: [ '2.0.3' ],
56 silly audit   'fast-deep-equal': [ '3.1.3' ],
56 silly audit   'fast-json-stable-stringify': [ '2.1.0' ],
56 silly audit   'fast-levenshtein': [ '2.0.6' ],
56 silly audit   fastq: [ '1.19.1' ],
56 silly audit   'file-entry-cache': [ '8.0.0' ],
56 silly audit   'fill-range': [ '7.1.1' ],
56 silly audit   'find-up': [ '5.0.0' ],
56 silly audit   'flat-cache': [ '4.0.1' ],
56 silly audit   flatted: [ '3.3.3' ],
56 silly audit   'for-each': [ '0.3.5' ],
56 silly audit   'function-bind': [ '1.1.2' ],
56 silly audit   'function.prototype.name': [ '1.1.8' ],
56 silly audit   'functions-have-names': [ '1.2.3' ],
56 silly audit   'generator-function': [ '2.0.1' ],
56 silly audit   'get-intrinsic': [ '1.3.0' ],
56 silly audit   'get-proto': [ '1.0.1' ],
56 silly audit   'get-symbol-description': [ '1.1.0' ],
56 silly audit   'get-tsconfig': [ '4.12.0' ],
56 silly audit   globals: [ '14.0.0' ],
56 silly audit   globalthis: [ '1.0.4' ],
56 silly audit   gopd: [ '1.2.0' ],
56 silly audit   'graceful-fs': [ '4.2.11' ],
56 silly audit   graphemer: [ '1.4.0' ],
56 silly audit   'has-bigints': [ '1.1.0' ],
56 silly audit   'has-flag': [ '4.0.0' ],
56 silly audit   'has-property-descriptors': [ '1.0.2' ],
56 silly audit   'has-proto': [ '1.2.0' ],
56 silly audit   'has-symbols': [ '1.1.0' ],
56 silly audit   'has-tostringtag': [ '1.0.2' ],
56 silly audit   hasown: [ '2.0.2' ],
56 silly audit   'import-fresh': [ '3.3.1' ],
56 silly audit   imurmurhash: [ '0.1.4' ],
56 silly audit   'internal-slot': [ '1.1.0' ],
56 silly audit   'is-array-buffer': [ '3.0.5' ],
56 silly audit   'is-async-function': [ '2.1.1' ],
56 silly audit   'is-bigint': [ '1.1.0' ],
56 silly audit   'is-boolean-object': [ '1.2.2' ],
56 silly audit   'is-bun-module': [ '2.0.0' ],
56 silly audit   'is-callable': [ '1.2.7' ],
56 silly audit   'is-core-module': [ '2.16.1' ],
56 silly audit   'is-data-view': [ '1.0.2' ],
56 silly audit   'is-date-object': [ '1.1.0' ],
56 silly audit   'is-extglob': [ '2.1.1' ],
56 silly audit   'is-finalizationregistry': [ '1.1.1' ],
56 silly audit   'is-generator-function': [ '1.1.2' ],
56 silly audit   'is-glob': [ '4.0.3' ],
56 silly audit   'is-map': [ '2.0.3' ],
56 silly audit   'is-negative-zero': [ '2.0.3' ],
56 silly audit   'is-number': [ '7.0.0' ],
56 silly audit   'is-number-object': [ '1.1.1' ],
56 silly audit   'is-regex': [ '1.2.1' ],
56 silly audit   'is-set': [ '2.0.3' ],
56 silly audit   'is-shared-array-buffer': [ '1.0.4' ],
56 silly audit   'is-string': [ '1.1.1' ],
56 silly audit   'is-symbol': [ '1.1.1' ],
56 silly audit   'is-typed-array': [ '1.1.15' ],
56 silly audit   'is-weakmap': [ '2.0.2' ],
56 silly audit   'is-weakref': [ '1.1.1' ],
56 silly audit   'is-weakset': [ '2.0.4' ],
56 silly audit   isarray: [ '2.0.5' ],
56 silly audit   isexe: [ '2.0.0' ],
56 silly audit   'iterator.prototype': [ '1.1.5' ],
56 silly audit   jiti: [ '2.6.1' ],
56 silly audit   'js-tokens': [ '4.0.0' ],
56 silly audit   'js-yaml': [ '4.1.0' ],
56 silly audit   'json-buffer': [ '3.0.1' ],
56 silly audit   'json-schema-traverse': [ '0.4.1' ],
56 silly audit   'json-stable-stringify-without-jsonify': [ '1.0.1' ],
56 silly audit   json5: [ '1.0.2' ],
56 silly audit   'jsx-ast-utils': [ '3.3.5' ],
56 silly audit   keyv: [ '4.5.4' ],
56 silly audit   'language-subtag-registry': [ '0.3.23' ],
56 silly audit   'language-tags': [ '1.0.9' ],
56 silly audit   levn: [ '0.4.1' ],
56 silly audit   lightningcss: [ '1.30.1' ],
56 silly audit   'lightningcss-darwin-arm64': [ '1.30.1' ],
56 silly audit   'lightningcss-darwin-x64': [ '1.30.1' ],
56 silly audit   'lightningcss-freebsd-x64': [ '1.30.1' ],
56 silly audit   'lightningcss-linux-arm-gnueabihf': [ '1.30.1' ],
56 silly audit   'lightningcss-linux-arm64-gnu': [ '1.30.1' ],
56 silly audit   'lightningcss-linux-arm64-musl': [ '1.30.1' ],
56 silly audit   'lightningcss-linux-x64-gnu': [ '1.30.1' ],
56 silly audit   'lightningcss-linux-x64-musl': [ '1.30.1' ],
56 silly audit   'lightningcss-win32-arm64-msvc': [ '1.30.1' ],
56 silly audit   'lightningcss-win32-x64-msvc': [ '1.30.1' ],
56 silly audit   'locate-path': [ '6.0.0' ],
56 silly audit   'lodash.merge': [ '4.6.2' ],
56 silly audit   'loose-envify': [ '1.4.0' ],
56 silly audit   'magic-string': [ '0.30.19' ],
56 silly audit   'math-intrinsics': [ '1.1.0' ],
56 silly audit   merge2: [ '1.4.1' ],
56 silly audit   micromatch: [ '4.0.8' ],
56 silly audit   minimist: [ '1.2.8' ],
56 silly audit   minipass: [ '7.1.2' ],
56 silly audit   minizlib: [ '3.1.0' ],
56 silly audit   ms: [ '2.1.3' ],
56 silly audit   nanoid: [ '3.3.11' ],
56 silly audit   'napi-postinstall': [ '0.3.4' ],
56 silly audit   'natural-compare': [ '1.4.0' ],
56 silly audit   next: [ '15.5.5' ],
56 silly audit   'next-themes': [ '0.4.6' ],
56 silly audit   postcss: [ '8.4.31', '8.5.6' ],
56 silly audit   'object-assign': [ '4.1.1' ],
56 silly audit   'object-inspect': [ '1.13.4' ],
56 silly audit   'object-keys': [ '1.1.1' ],
56 silly audit   'object.assign': [ '4.1.7' ],
56 silly audit   'object.entries': [ '1.1.9' ],
56 silly audit   'object.fromentries': [ '2.0.8' ],
56 silly audit   'object.groupby': [ '1.0.3' ],
56 silly audit   'object.values': [ '1.2.1' ],
56 silly audit   optionator: [ '0.9.4' ],
56 silly audit   'own-keys': [ '1.0.1' ],
56 silly audit   'p-limit': [ '3.1.0' ],
56 silly audit   'p-locate': [ '5.0.0' ],
56 silly audit   'parent-module': [ '1.0.1' ],
56 silly audit   'path-exists': [ '4.0.0' ],
56 silly audit   'path-key': [ '3.1.1' ],
56 silly audit   'path-parse': [ '1.0.7' ],
56 silly audit   picocolors: [ '1.1.1' ],
56 silly audit   picomatch: [ '2.3.1', '4.0.3' ],
56 silly audit   'possible-typed-array-names': [ '1.1.0' ],
56 silly audit   'prelude-ls': [ '1.2.1' ],
56 silly audit   'prop-types': [ '15.8.1' ],
56 silly audit   punycode: [ '2.3.1' ],
56 silly audit   'queue-microtask': [ '1.2.3' ],
56 silly audit   react: [ '19.1.0' ],
56 silly audit   'react-dom': [ '19.1.0' ],
56 silly audit   'react-is': [ '16.13.1' ],
56 silly audit   'reflect.getprototypeof': [ '1.0.10' ],
56 silly audit   'regexp.prototype.flags': [ '1.5.4' ],
56 silly audit   'resolve-from': [ '4.0.0' ],
56 silly audit   'resolve-pkg-maps': [ '1.0.0' ],
56 silly audit   reusify: [ '1.1.0' ],
56 silly audit   'run-parallel': [ '1.2.0' ],
56 silly audit   'safe-array-concat': [ '1.1.3' ],
56 silly audit   'safe-push-apply': [ '1.0.0' ],
56 silly audit   'safe-regex-test': [ '1.1.0' ],
56 silly audit   scheduler: [ '0.26.0' ],
56 silly audit   'set-function-length': [ '1.2.2' ],
56 silly audit   'set-function-name': [ '2.0.2' ],
56 silly audit   'set-proto': [ '1.0.0' ],
56 silly audit   sharp: [ '0.34.4' ],
56 silly audit   'shebang-command': [ '2.0.0' ],
56 silly audit   'shebang-regex': [ '3.0.0' ],
56 silly audit   'side-channel': [ '1.1.0' ],
56 silly audit   'side-channel-list': [ '1.0.0' ],
56 silly audit   'side-channel-map': [ '1.0.1' ],
56 silly audit   'side-channel-weakmap': [ '1.0.2' ],
56 silly audit   'source-map-js': [ '1.2.1' ],
56 silly audit   'stable-hash': [ '0.0.5' ],
56 silly audit   'stop-iteration-iterator': [ '1.1.0' ],
56 silly audit   'string.prototype.includes': [ '2.0.1' ],
56 silly audit   'string.prototype.matchall': [ '4.0.12' ],
56 silly audit   'string.prototype.repeat': [ '1.0.0' ],
56 silly audit   'string.prototype.trim': [ '1.2.10' ],
56 silly audit   'string.prototype.trimend': [ '1.0.9' ],
56 silly audit   'string.prototype.trimstart': [ '1.0.8' ],
56 silly audit   'strip-bom': [ '3.0.0' ],
56 silly audit   'strip-json-comments': [ '3.1.1' ],
56 silly audit   'styled-jsx': [ '5.1.6' ],
56 silly audit   'supports-color': [ '7.2.0' ],
56 silly audit   'supports-preserve-symlinks-flag': [ '1.0.0' ],
56 silly audit   tailwindcss: [ '4.1.14' ],
56 silly audit   'tailwindcss-animate': [ '1.0.7' ],
56 silly audit   tapable: [ '2.3.0' ],
56 silly audit   tar: [ '7.5.1' ],
56 silly audit   tinyglobby: [ '0.2.15' ],
56 silly audit   fdir: [ '6.5.0' ],
56 silly audit   'to-regex-range': [ '5.0.1' ],
56 silly audit   'ts-api-utils': [ '2.1.0' ],
56 silly audit   'tsconfig-paths': [ '3.15.0' ],
56 silly audit   tslib: [ '2.8.1' ],
56 silly audit   'type-check': [ '0.4.0' ],
56 silly audit   'typed-array-buffer': [ '1.0.3' ],
56 silly audit   'typed-array-byte-length': [ '1.0.3' ],
56 silly audit   'typed-array-byte-offset': [ '1.0.4' ],
56 silly audit   'typed-array-length': [ '1.0.7' ],
56 silly audit   typescript: [ '5.9.3' ],
56 silly audit   'unbox-primitive': [ '1.1.0' ],
56 silly audit   'undici-types': [ '6.21.0' ],
56 silly audit   'unrs-resolver': [ '1.11.1' ],
56 silly audit   'uri-js': [ '4.4.1' ],
56 silly audit   which: [ '2.0.2' ],
56 silly audit   'which-boxed-primitive': [ '1.1.1' ],
56 silly audit   'which-builtin-type': [ '1.2.1' ],
56 silly audit   'which-collection': [ '1.0.2' ],
56 silly audit   'which-typed-array': [ '1.1.19' ],
56 silly audit   'word-wrap': [ '1.2.5' ],
56 silly audit   yallist: [ '5.0.0' ],
56 silly audit   'yocto-queue': [ '0.1.0' ],
56 silly audit   '@radix-ui/react-slot': [ '1.2.3' ],
56 silly audit   'class-variance-authority': [ '0.7.1' ],
56 silly audit   clsx: [ '2.1.1' ],
56 silly audit   'tailwind-merge': [ '3.3.1' ],
56 silly audit   '@radix-ui/react-compose-refs': [ '1.1.2' ]
56 silly audit }
57 http cache @radix-ui/react-compose-refs@https://registry.npmmirror.com/@radix-ui/react-compose-refs/-/react-compose-refs-1.1.2.tgz 0ms (cache hit)
58 http cache @radix-ui/react-slot@https://registry.npmmirror.com/@radix-ui/react-slot/-/react-slot-1.2.3.tgz 0ms (cache hit)
59 http cache tailwind-merge@https://registry.npmmirror.com/tailwind-merge/-/tailwind-merge-3.3.1.tgz 0ms (cache hit)
60 silly tarball no local data for @radix-ui/react-compose-refs@https://registry.npmmirror.com/@radix-ui/react-compose-refs/-/react-compose-refs-1.1.2.tgz. Extracting by manifest.
61 silly tarball no local data for @radix-ui/react-slot@https://registry.npmmirror.com/@radix-ui/react-slot/-/react-slot-1.2.3.tgz. Extracting by manifest.
62 http cache class-variance-authority@https://registry.npmmirror.com/class-variance-authority/-/class-variance-authority-0.7.1.tgz 0ms (cache hit)
63 http cache clsx@https://registry.npmmirror.com/clsx/-/clsx-2.1.1.tgz 0ms (cache hit)
64 silly tarball no local data for tailwind-merge@https://registry.npmmirror.com/tailwind-merge/-/tailwind-merge-3.3.1.tgz. Extracting by manifest.
65 silly tarball no local data for class-variance-authority@https://registry.npmmirror.com/class-variance-authority/-/class-variance-authority-0.7.1.tgz. Extracting by manifest.
66 http fetch POST 404 https://registry.npmmirror.com/-/npm/v1/security/advisories/bulk 49ms
67 verbose audit error HttpErrorGeneral: 404 Not Found - POST https://registry.npmmirror.com/-/npm/v1/security/advisories/bulk - [NOT_IMPLEMENTED] /-/npm/v1/security/* not implemented yet
67 verbose audit error     at C:\Users\gabri\AppData\Roaming\npm\node_modules\npm\node_modules\npm-registry-fetch\lib\check-response.js:103:15
67 verbose audit error     at process.processTicksAndRejections (node:internal/process/task_queues:105:5)
67 verbose audit error     at async #getReport (C:\Users\gabri\AppData\Roaming\npm\node_modules\npm\node_modules\@npmcli\arborist\lib\audit-report.js:275:19)
67 verbose audit error     at async AuditReport.run (C:\Users\gabri\AppData\Roaming\npm\node_modules\npm\node_modules\@npmcli\arborist\lib\audit-report.js:100:19) {
67 verbose audit error   headers: [Object: null prototype] {
67 verbose audit error     server: [ 'Tengine' ],
67 verbose audit error     date: [ 'Wed, 15 Oct 2025 19:20:29 GMT' ],
67 verbose audit error     'content-type': [ 'application/json' ],
67 verbose audit error     'transfer-encoding': [ 'chunked' ],
67 verbose audit error     connection: [ 'keep-alive' ],
67 verbose audit error     'strict-transport-security': [ 'max-age=5184000' ],
67 verbose audit error     via: [ 'ens-cache9.br9[,404666]' ],
67 verbose audit error     'timing-allow-origin': [ '*' ],
67 verbose audit error     eagleid: [ '800e749d17605560290244699e' ],
67 verbose audit error     'x-fetch-attempts': [ '1' ]
67 verbose audit error   },
67 verbose audit error   statusCode: 404,
67 verbose audit error   code: 'E404',
67 verbose audit error   method: 'POST',
67 verbose audit error   uri: 'https://registry.npmmirror.com/-/npm/v1/security/advisories/bulk',
67 verbose audit error   body: {
67 verbose audit error     error: '[NOT_IMPLEMENTED] /-/npm/v1/security/* not implemented yet'
67 verbose audit error   },
67 verbose audit error   pkgid: undefined
67 verbose audit error }
68 silly audit error [object Object]
69 silly audit report null
70 silly tarball no local data for clsx@https://registry.npmmirror.com/clsx/-/clsx-2.1.1.tgz. Extracting by manifest.
71 http fetch GET 200 https://cdn.npmmirror.com/packages/clsx/2.1.1/clsx-2.1.1.tgz 904ms (cache miss)
72 http fetch GET 200 https://cdn.npmmirror.com/packages/class-variance-authority/0.7.1/class-variance-authority-0.7.1.tgz 931ms (cache miss)
73 http fetch GET 200 https://cdn.npmmirror.com/packages/tailwind-merge/3.3.1/tailwind-merge-3.3.1.tgz 1048ms (cache miss)
74 http fetch GET 200 https://cdn.npmmirror.com/packages/%40radix-ui/react-compose-refs/1.1.2/react-compose-refs-1.1.2.tgz 1161ms (cache miss)
75 http fetch GET 200 https://cdn.npmmirror.com/packages/%40radix-ui/react-slot/1.2.3/react-slot-1.2.3.tgz 1356ms (cache miss)
76 silly ADD node_modules/@radix-ui/react-compose-refs
77 silly ADD node_modules/tailwind-merge
78 silly ADD node_modules/clsx
79 silly ADD node_modules/class-variance-authority
80 silly ADD node_modules/@radix-ui/react-slot
81 verbose cwd C:\hivefy\hivefy-marketplace
82 verbose os Windows_NT 10.0.26100
83 verbose node v22.20.0
84 verbose npm  v11.6.2
85 verbose exit 0
86 info ok
